<?xml version="1.0" encoding="UTF-8"?>
<!-- Generated by org.testng.reporters.JUnitXMLReporter -->
<testsuite ignored="0" hostname="DESKTOP-75OHRJU" failures="0" tests="3" name="Default test" time="3.413" errors="0" timestamp="2022-10-20T19:01:45 WEST">
  <testcase classname="files.DynamicJson" name="addBook" time="2.299"/>
  <testcase classname="files.DynamicJson" name="addBook" time="0.537"/>
  <testcase classname="files.DynamicJson" name="addBook" time="0.523"/>
</testsuite> <!-- Default test -->
