<?xml version="1.0" encoding="UTF-8"?>
<testng-results ignored="0" total="3" passed="3" failed="0" skipped="0">
  <reporter-output>
  </reporter-output>
  <suite started-at="2022-10-20T19:01:41 WEST" name="Default suite" finished-at="2022-10-20T19:01:45 WEST" duration-ms="3413">
    <groups>
    </groups>
    <test started-at="2022-10-20T19:01:41 WEST" name="Default test" finished-at="2022-10-20T19:01:45 WEST" duration-ms="3413">
      <class name="files.DynamicJson">
        <test-method signature="addBook(java.lang.String,java.lang.String)[pri:0, instance:files.DynamicJson@662b4c69]" started-at="2022-10-20T19:01:41 WEST" name="addBook" data-provider="BooksData" finished-at="2022-10-20T19:01:44 WEST" duration-ms="2299" status="PASS">
          <params>
            <param index="0">
              <value>
                <![CDATA[baabd]]>
              </value>
            </param>
            <param index="1">
              <value>
                <![CDATA[2416]]>
              </value>
            </param>
          </params>
          <reporter-output>
          </reporter-output>
        </test-method> <!-- addBook -->
        <test-method signature="addBook(java.lang.String,java.lang.String)[pri:0, instance:files.DynamicJson@662b4c69]" started-at="2022-10-20T19:01:44 WEST" name="addBook" data-provider="BooksData" finished-at="2022-10-20T19:01:44 WEST" duration-ms="537" status="PASS">
          <params>
            <param index="0">
              <value>
                <![CDATA[baaabd]]>
              </value>
            </param>
            <param index="1">
              <value>
                <![CDATA[24226]]>
              </value>
            </param>
          </params>
          <reporter-output>
          </reporter-output>
        </test-method> <!-- addBook -->
        <test-method signature="addBook(java.lang.String,java.lang.String)[pri:0, instance:files.DynamicJson@662b4c69]" started-at="2022-10-20T19:01:44 WEST" name="addBook" data-provider="BooksData" finished-at="2022-10-20T19:01:45 WEST" duration-ms="523" status="PASS">
          <params>
            <param index="0">
              <value>
                <![CDATA[baaaarbd]]>
              </value>
            </param>
            <param index="1">
              <value>
                <![CDATA[236]]>
              </value>
            </param>
          </params>
          <reporter-output>
          </reporter-output>
        </test-method> <!-- addBook -->
      </class> <!-- files.DynamicJson -->
    </test> <!-- Default test -->
  </suite> <!-- Default suite -->
</testng-results>
